<testsuites id="" name="" tests="2" failures="1" skipped="0" errors="0" time="7.977">
<testsuite name="src/tests/a11y.test.ts" timestamp="1654030841739" hostname="" tests="1" failures="1" skipped="0" time="6.322" errors="0">
<testcase name="A11Y Testing @a11y Dashboard has no detectable a11y violations on load" classname="[MAP-Chrome] › src/tests/a11y.test.ts:6:3 › A11Y Testing › @a11y Dashboard has no detectable a11y violations on load" time="6.322">
<failure message="a11y.test.ts:6:3 @a11y Dashboard has no detectable a11y violations on load" type="FAILURE">
  [MAP-Chrome] › src/tests/a11y.test.ts:6:3 › A11Y Testing › @a11y Dashboard has no detectable a11y violations on load 

    AssertionError [ERR_ASSERTION] [ERR_ASSERTION]: 3 accessibility violations were detected

        at Object.testResultDependsOnViolations (/Users/ross.meitei/Library/CloudStorage/OneDrive-Slalom/projects/charter/projects/scr-map/client/node_modules/axe-playwright/dist/utils.js:16:26)
        at /Users/ross.meitei/Library/CloudStorage/OneDrive-Slalom/projects/charter/projects/scr-map/client/node_modules/axe-playwright/dist/index.js:106:13
        at Generator.next (&lt;anonymous>)
        at fulfilled (/Users/ross.meitei/Library/CloudStorage/OneDrive-Slalom/projects/charter/projects/scr-map/client/node_modules/axe-playwright/dist/index.js:24:58)

    attachment #1: video (video/webm) --------------------------------------------------------------
    e2e/src/report/data/src-tests-a11y-A11Y-Testing-a11y-Dashboard-has-no-detectable-a11y-violations-on-load-MAP-Chrome/video.webm
    ------------------------------------------------------------------------------------------------

    attachment #2: trace (application/zip) ---------------------------------------------------------
    e2e/src/report/data/src-tests-a11y-A11Y-Testing-a11y-Dashboard-has-no-detectable-a11y-violations-on-load-MAP-Chrome/trace.zip
    Usage:

        npx playwright show-trace e2e/src/report/data/src-tests-a11y-A11Y-Testing-a11y-Dashboard-has-no-detectable-a11y-violations-on-load-MAP-Chrome/trace.zip

    ------------------------------------------------------------------------------------------------

    attachment #3: screenshot (image/png) ----------------------------------------------------------
    e2e/src/report/data/src-tests-a11y-A11Y-Testing-a11y-Dashboard-has-no-detectable-a11y-violations-on-load-MAP-Chrome/test-failed-1.png
    ------------------------------------------------------------------------------------------------

</failure>
<system-out>
┌─────────┬────────────────────────┬────────────┬────────────────────────────────────────────────────────────────────────────────────┬───────┐
│ (index) │           id           │   impact   │                                    description                                     │ nodes │
├─────────┼────────────────────────┼────────────┼────────────────────────────────────────────────────────────────────────────────────┼───────┤
│    0    │  [32m'landmark-one-main'[39m   │ [32m'moderate'[39m │                     [32m'Ensures the document has a main landmark'[39m                     │   [33m1[39m   │
│    1    │ [32m'page-has-heading-one'[39m │ [32m'moderate'[39m │ [32m'Ensure that the page, or at least one of its frames contains a level-one heading'[39m │   [33m1[39m   │
│    2    │        [32m'region'[39m        │ [32m'moderate'[39m │                [32m'Ensures all page content is contained by landmarks'[39m                │   [33m1[39m   │
└─────────┴────────────────────────┴────────────┴────────────────────────────────────────────────────────────────────────────────────┴───────┘
┌─────────┬────────────────┬──────────────────────────────────────────────────────┬────────────┐
│ (index) │     target     │                         html                         │ violations │
├─────────┼────────────────┼──────────────────────────────────────────────────────┼────────────┤
│    0    │   [32m'["html"]'[39m   │                  [32m'&lt;html lang="en">'[39m                  │  [32m'[0,1]'[39m   │
│    1    │ [32m'["app-root"]'[39m │ [32m'&lt;app-root _nghost-lrr-c128="" ng-version="13.3.6">'[39m │   [32m'[2]'[39m    │
└─────────┴────────────────┴──────────────────────────────────────────────────────┴────────────┘

[[ATTACHMENT|src/report/data/src-tests-a11y-A11Y-Testing-a11y-Dashboard-has-no-detectable-a11y-violations-on-load-MAP-Chrome/video.webm]]

[[ATTACHMENT|src/report/data/src-tests-a11y-A11Y-Testing-a11y-Dashboard-has-no-detectable-a11y-violations-on-load-MAP-Chrome/trace.zip]]

[[ATTACHMENT|src/report/data/src-tests-a11y-A11Y-Testing-a11y-Dashboard-has-no-detectable-a11y-violations-on-load-MAP-Chrome/test-failed-1.png]]

</system-out>
</testcase>
</testsuite>
<testsuite name="src/tests/dashboard.test.ts" timestamp="1654030841739" hostname="" tests="1" failures="0" skipped="0" time="7.132" errors="0">
<testcase name="Dashboard @smoke should show correct page title" classname="[MAP-Chrome] › src/tests/dashboard.test.ts:6:3 › Dashboard › @smoke should show correct page title" time="7.132">
</testcase>
</testsuite>
</testsuites>